<?xml version="1.0" encoding="UTF-8"?>
<!-- Generated by org.testng.reporters.JUnitXMLReporter -->
<testsuite hostname="P5-H7VQX52" name="Default test" tests="8" failures="0" timestamp="18 May 2018 04:43:28 GMT" time="20.219" errors="0">
  <testcase name="ExcelRead1_Login" time="6.477" classname="org.SeleniumMaven.ExcelReadExample1"/>
  <testcase name="select_category" time="0.568" classname="org.SeleniumMaven.ExcelReadExample1"/>
  <testcase name="AddToCart" time="0.156" classname="org.SeleniumMaven.ExcelReadExample1"/>
  <testcase name="cart" time="0.247" classname="org.SeleniumMaven.ExcelReadExample1"/>
  <testcase name="checkout" time="0.204" classname="org.SeleniumMaven.ExcelReadExample1"/>
  <testcase name="payment" time="0.153" classname="org.SeleniumMaven.ExcelReadExample1"/>
  <testcase name="BankDetails" time="3.868" classname="org.SeleniumMaven.ExcelReadExample1"/>
  <testcase name="bankcredential" time="0.425" classname="org.SeleniumMaven.ExcelReadExample1"/>
</testsuite> <!-- Default test -->
