<?xml version="1.0" encoding="UTF-8"?>
<!-- Generated by org.testng.reporters.JUnitXMLReporter -->
<testsuite hostname="P5-H7VQX52" name="Test" tests="2" failures="1" timestamp="16 May 2018 07:03:15 GMT" time="0.052" errors="0">
  <testcase name="test1" time="0.005" classname="org.SeleniumMaven.NewTest">
    <failure type="java.lang.ArithmeticException" message="/ by zero">
      <![CDATA[java.lang.ArithmeticException: / by zero
	at org.SeleniumMaven.NewTest.test1(NewTest.java:13)
... Removed 24 stack frames]]>
    </failure>
  </testcase> <!-- test1 -->
  <testcase name="Test2" time="0.005" classname="org.SeleniumMaven.NewTest1"/>
</testsuite> <!-- Test -->
