<?xml version="1.0" encoding="UTF-8"?>
<testng-results skipped="0" failed="0" total="8" passed="8">
  <reporter-output>
  </reporter-output>
  <suite name="Default suite" duration-ms="23269" started-at="2018-05-18T07:09:27Z" finished-at="2018-05-18T07:09:51Z">
    <groups>
    </groups>
    <test name="Default test" duration-ms="23269" started-at="2018-05-18T07:09:27Z" finished-at="2018-05-18T07:09:51Z">
      <class name="org.SeleniumMaven.ExcelReadExample1">
        <test-method status="PASS" signature="beforeTest()[pri:0, instance:org.SeleniumMaven.ExcelReadExample1@77cd7a0]" name="beforeTest" is-config="true" duration-ms="9952" started-at="2018-05-18T12:39:27Z" finished-at="2018-05-18T12:39:37Z">
          <reporter-output>
          </reporter-output>
        </test-method> <!-- beforeTest -->
        <test-method status="PASS" signature="ExcelRead1_Login(java.lang.String, java.lang.String)[pri:1, instance:org.SeleniumMaven.ExcelReadExample1@77cd7a0]" name="ExcelRead1_Login" duration-ms="6202" started-at="2018-05-18T12:39:39Z" data-provider="Credential" finished-at="2018-05-18T12:39:45Z">
          <params>
            <param index="0">
              <value>
                <![CDATA[Lalitha]]>
              </value>
            </param>
            <param index="1">
              <value>
                <![CDATA[Password123]]>
              </value>
            </param>
          </params>
          <reporter-output>
          </reporter-output>
        </test-method> <!-- ExcelRead1_Login -->
        <test-method status="PASS" signature="select_category()[pri:2, instance:org.SeleniumMaven.ExcelReadExample1@77cd7a0]" name="select_category" duration-ms="746" started-at="2018-05-18T12:39:45Z" finished-at="2018-05-18T12:39:45Z">
          <reporter-output>
          </reporter-output>
        </test-method> <!-- select_category -->
        <test-method status="PASS" signature="AddToCart()[pri:3, instance:org.SeleniumMaven.ExcelReadExample1@77cd7a0]" name="AddToCart" duration-ms="167" started-at="2018-05-18T12:39:45Z" finished-at="2018-05-18T12:39:46Z">
          <reporter-output>
          </reporter-output>
        </test-method> <!-- AddToCart -->
        <test-method status="PASS" signature="cart()[pri:4, instance:org.SeleniumMaven.ExcelReadExample1@77cd7a0]" name="cart" duration-ms="268" started-at="2018-05-18T12:39:46Z" finished-at="2018-05-18T12:39:46Z">
          <reporter-output>
          </reporter-output>
        </test-method> <!-- cart -->
        <test-method status="PASS" signature="checkout()[pri:5, instance:org.SeleniumMaven.ExcelReadExample1@77cd7a0]" name="checkout" duration-ms="246" started-at="2018-05-18T12:39:46Z" finished-at="2018-05-18T12:39:46Z">
          <reporter-output>
          </reporter-output>
        </test-method> <!-- checkout -->
        <test-method status="PASS" signature="payment()[pri:6, instance:org.SeleniumMaven.ExcelReadExample1@77cd7a0]" name="payment" duration-ms="147" started-at="2018-05-18T12:39:46Z" finished-at="2018-05-18T12:39:46Z">
          <reporter-output>
          </reporter-output>
        </test-method> <!-- payment -->
        <test-method status="PASS" signature="BankDetails()[pri:7, instance:org.SeleniumMaven.ExcelReadExample1@77cd7a0]" name="BankDetails" duration-ms="3715" started-at="2018-05-18T12:39:46Z" finished-at="2018-05-18T12:39:50Z">
          <reporter-output>
          </reporter-output>
        </test-method> <!-- BankDetails -->
        <test-method status="PASS" signature="bankcredential()[pri:8, instance:org.SeleniumMaven.ExcelReadExample1@77cd7a0]" name="bankcredential" duration-ms="630" started-at="2018-05-18T12:39:50Z" finished-at="2018-05-18T12:39:51Z">
          <reporter-output>
          </reporter-output>
        </test-method> <!-- bankcredential -->
        <test-method status="PASS" signature="afterTest()[pri:0, instance:org.SeleniumMaven.ExcelReadExample1@77cd7a0]" name="afterTest" is-config="true" duration-ms="0" started-at="2018-05-18T12:39:51Z" finished-at="2018-05-18T12:39:51Z">
          <reporter-output>
          </reporter-output>
        </test-method> <!-- afterTest -->
      </class> <!-- org.SeleniumMaven.ExcelReadExample1 -->
    </test> <!-- Default test -->
  </suite> <!-- Default suite -->
</testng-results>
